mode: set
github.com/Limitless-Hoops/limitless-hoops/main.go:11.13,23.2 7 0
github.com/Limitless-Hoops/limitless-hoops/config/config.go:24.27,40.2 1 0
github.com/Limitless-Hoops/limitless-hoops/config/config.go:42.46,44.15 2 0
github.com/Limitless-Hoops/limitless-hoops/config/config.go:44.15,46.3 1 0
github.com/Limitless-Hoops/limitless-hoops/config/config.go:47.2,47.12 1 0
github.com/Limitless-Hoops/limitless-hoops/controllers/admin.controller.go:15.36,17.16 2 0
github.com/Limitless-Hoops/limitless-hoops/controllers/admin.controller.go:17.16,19.3 1 0
github.com/Limitless-Hoops/limitless-hoops/controllers/admin.controller.go:20.2,20.23 1 0
github.com/Limitless-Hoops/limitless-hoops/controllers/admin.controller.go:24.39,26.16 2 0
github.com/Limitless-Hoops/limitless-hoops/controllers/admin.controller.go:26.16,28.3 1 0
github.com/Limitless-Hoops/limitless-hoops/controllers/admin.controller.go:30.2,31.16 2 0
github.com/Limitless-Hoops/limitless-hoops/controllers/admin.controller.go:31.16,33.3 1 0
github.com/Limitless-Hoops/limitless-hoops/controllers/admin.controller.go:35.2,35.22 1 0
github.com/Limitless-Hoops/limitless-hoops/controllers/admin.controller.go:39.38,41.45 2 0
github.com/Limitless-Hoops/limitless-hoops/controllers/admin.controller.go:41.45,43.3 1 0
github.com/Limitless-Hoops/limitless-hoops/controllers/admin.controller.go:44.2,44.57 1 0
github.com/Limitless-Hoops/limitless-hoops/controllers/admin.controller.go:44.57,46.3 1 0
github.com/Limitless-Hoops/limitless-hoops/controllers/admin.controller.go:48.2,49.16 2 0
github.com/Limitless-Hoops/limitless-hoops/controllers/admin.controller.go:49.16,51.3 1 0
github.com/Limitless-Hoops/limitless-hoops/controllers/admin.controller.go:53.2,63.53 2 0
github.com/Limitless-Hoops/limitless-hoops/controllers/admin.controller.go:63.53,65.3 1 0
github.com/Limitless-Hoops/limitless-hoops/controllers/admin.controller.go:67.2,75.4 1 0
github.com/Limitless-Hoops/limitless-hoops/controllers/admin.controller.go:79.38,81.16 2 0
github.com/Limitless-Hoops/limitless-hoops/controllers/admin.controller.go:81.16,83.3 1 0
github.com/Limitless-Hoops/limitless-hoops/controllers/admin.controller.go:85.2,86.45 2 0
github.com/Limitless-Hoops/limitless-hoops/controllers/admin.controller.go:86.45,88.3 1 0
github.com/Limitless-Hoops/limitless-hoops/controllers/admin.controller.go:89.2,89.57 1 0
github.com/Limitless-Hoops/limitless-hoops/controllers/admin.controller.go:89.57,91.3 1 0
github.com/Limitless-Hoops/limitless-hoops/controllers/admin.controller.go:93.2,94.28 2 0
github.com/Limitless-Hoops/limitless-hoops/controllers/admin.controller.go:94.28,96.3 1 0
github.com/Limitless-Hoops/limitless-hoops/controllers/admin.controller.go:97.2,97.27 1 0
github.com/Limitless-Hoops/limitless-hoops/controllers/admin.controller.go:97.27,99.3 1 0
github.com/Limitless-Hoops/limitless-hoops/controllers/admin.controller.go:100.2,100.24 1 0
github.com/Limitless-Hoops/limitless-hoops/controllers/admin.controller.go:100.24,102.3 1 0
github.com/Limitless-Hoops/limitless-hoops/controllers/admin.controller.go:103.2,103.30 1 0
github.com/Limitless-Hoops/limitless-hoops/controllers/admin.controller.go:103.30,105.3 1 0
github.com/Limitless-Hoops/limitless-hoops/controllers/admin.controller.go:106.2,106.23 1 0
github.com/Limitless-Hoops/limitless-hoops/controllers/admin.controller.go:106.23,108.3 1 0
github.com/Limitless-Hoops/limitless-hoops/controllers/admin.controller.go:109.2,109.30 1 0
github.com/Limitless-Hoops/limitless-hoops/controllers/admin.controller.go:109.30,111.3 1 0
github.com/Limitless-Hoops/limitless-hoops/controllers/admin.controller.go:113.2,113.64 1 0
github.com/Limitless-Hoops/limitless-hoops/controllers/admin.controller.go:113.64,115.3 1 0
github.com/Limitless-Hoops/limitless-hoops/controllers/admin.controller.go:117.2,117.44 1 0
github.com/Limitless-Hoops/limitless-hoops/controllers/auth.controller.go:12.32,14.45 2 0
github.com/Limitless-Hoops/limitless-hoops/controllers/auth.controller.go:14.45,16.3 1 0
github.com/Limitless-Hoops/limitless-hoops/controllers/auth.controller.go:17.2,17.51 1 0
github.com/Limitless-Hoops/limitless-hoops/controllers/auth.controller.go:17.51,19.3 1 0
github.com/Limitless-Hoops/limitless-hoops/controllers/auth.controller.go:21.2,22.16 2 0
github.com/Limitless-Hoops/limitless-hoops/controllers/auth.controller.go:22.16,25.3 2 0
github.com/Limitless-Hoops/limitless-hoops/controllers/auth.controller.go:27.2,27.42 1 0
github.com/Limitless-Hoops/limitless-hoops/controllers/auth.controller.go:31.29,37.16 5 0
github.com/Limitless-Hoops/limitless-hoops/controllers/auth.controller.go:37.16,39.3 1 0
github.com/Limitless-Hoops/limitless-hoops/controllers/auth.controller.go:41.2,41.24 1 0
github.com/Limitless-Hoops/limitless-hoops/controllers/auth.controller.go:45.41,50.45 4 0
github.com/Limitless-Hoops/limitless-hoops/controllers/auth.controller.go:50.45,52.3 1 0
github.com/Limitless-Hoops/limitless-hoops/controllers/auth.controller.go:53.2,53.51 1 0
github.com/Limitless-Hoops/limitless-hoops/controllers/auth.controller.go:53.51,55.3 1 0
github.com/Limitless-Hoops/limitless-hoops/controllers/auth.controller.go:57.2,57.106 1 0
github.com/Limitless-Hoops/limitless-hoops/controllers/auth.controller.go:57.106,59.3 1 0
github.com/Limitless-Hoops/limitless-hoops/controllers/auth.controller.go:61.2,61.44 1 0
github.com/Limitless-Hoops/limitless-hoops/controllers/dependent.controller.go:15.40,17.16 2 0
github.com/Limitless-Hoops/limitless-hoops/controllers/dependent.controller.go:17.16,19.3 1 0
github.com/Limitless-Hoops/limitless-hoops/controllers/dependent.controller.go:20.2,20.27 1 0
github.com/Limitless-Hoops/limitless-hoops/controllers/dependent.controller.go:24.43,26.16 2 0
github.com/Limitless-Hoops/limitless-hoops/controllers/dependent.controller.go:26.16,28.3 1 0
github.com/Limitless-Hoops/limitless-hoops/controllers/dependent.controller.go:30.2,31.16 2 0
github.com/Limitless-Hoops/limitless-hoops/controllers/dependent.controller.go:31.16,33.3 1 0
github.com/Limitless-Hoops/limitless-hoops/controllers/dependent.controller.go:35.2,35.26 1 0
github.com/Limitless-Hoops/limitless-hoops/controllers/dependent.controller.go:39.42,41.45 2 0
github.com/Limitless-Hoops/limitless-hoops/controllers/dependent.controller.go:41.45,43.3 1 0
github.com/Limitless-Hoops/limitless-hoops/controllers/dependent.controller.go:44.2,44.57 1 0
github.com/Limitless-Hoops/limitless-hoops/controllers/dependent.controller.go:44.57,46.3 1 0
github.com/Limitless-Hoops/limitless-hoops/controllers/dependent.controller.go:48.2,49.16 2 0
github.com/Limitless-Hoops/limitless-hoops/controllers/dependent.controller.go:49.16,51.3 1 0
github.com/Limitless-Hoops/limitless-hoops/controllers/dependent.controller.go:53.2,64.61 2 0
github.com/Limitless-Hoops/limitless-hoops/controllers/dependent.controller.go:64.61,66.3 1 0
github.com/Limitless-Hoops/limitless-hoops/controllers/dependent.controller.go:68.2,77.4 1 0
github.com/Limitless-Hoops/limitless-hoops/controllers/dependent.controller.go:81.42,83.16 2 0
github.com/Limitless-Hoops/limitless-hoops/controllers/dependent.controller.go:83.16,85.3 1 0
github.com/Limitless-Hoops/limitless-hoops/controllers/dependent.controller.go:87.2,88.45 2 0
github.com/Limitless-Hoops/limitless-hoops/controllers/dependent.controller.go:88.45,90.3 1 0
github.com/Limitless-Hoops/limitless-hoops/controllers/dependent.controller.go:91.2,91.57 1 0
github.com/Limitless-Hoops/limitless-hoops/controllers/dependent.controller.go:91.57,93.3 1 0
github.com/Limitless-Hoops/limitless-hoops/controllers/dependent.controller.go:95.2,96.28 2 0
github.com/Limitless-Hoops/limitless-hoops/controllers/dependent.controller.go:96.28,98.3 1 0
github.com/Limitless-Hoops/limitless-hoops/controllers/dependent.controller.go:99.2,99.27 1 0
github.com/Limitless-Hoops/limitless-hoops/controllers/dependent.controller.go:99.27,101.3 1 0
github.com/Limitless-Hoops/limitless-hoops/controllers/dependent.controller.go:102.2,102.24 1 0
github.com/Limitless-Hoops/limitless-hoops/controllers/dependent.controller.go:102.24,104.3 1 0
github.com/Limitless-Hoops/limitless-hoops/controllers/dependent.controller.go:105.2,105.30 1 0
github.com/Limitless-Hoops/limitless-hoops/controllers/dependent.controller.go:105.30,107.3 1 0
github.com/Limitless-Hoops/limitless-hoops/controllers/dependent.controller.go:108.2,108.33 1 0
github.com/Limitless-Hoops/limitless-hoops/controllers/dependent.controller.go:108.33,110.3 1 0
github.com/Limitless-Hoops/limitless-hoops/controllers/dependent.controller.go:111.2,111.30 1 0
github.com/Limitless-Hoops/limitless-hoops/controllers/dependent.controller.go:111.30,113.3 1 0
github.com/Limitless-Hoops/limitless-hoops/controllers/dependent.controller.go:114.2,114.26 1 0
github.com/Limitless-Hoops/limitless-hoops/controllers/dependent.controller.go:114.26,116.3 1 0
github.com/Limitless-Hoops/limitless-hoops/controllers/dependent.controller.go:118.2,118.68 1 0
github.com/Limitless-Hoops/limitless-hoops/controllers/dependent.controller.go:118.68,120.3 1 0
github.com/Limitless-Hoops/limitless-hoops/controllers/dependent.controller.go:122.2,122.44 1 0
github.com/Limitless-Hoops/limitless-hoops/controllers/user.controller.go:15.35,17.16 2 0
github.com/Limitless-Hoops/limitless-hoops/controllers/user.controller.go:17.16,19.3 1 0
github.com/Limitless-Hoops/limitless-hoops/controllers/user.controller.go:20.2,20.22 1 0
github.com/Limitless-Hoops/limitless-hoops/controllers/user.controller.go:24.38,26.16 2 0
github.com/Limitless-Hoops/limitless-hoops/controllers/user.controller.go:26.16,28.3 1 0
github.com/Limitless-Hoops/limitless-hoops/controllers/user.controller.go:29.2,30.16 2 0
github.com/Limitless-Hoops/limitless-hoops/controllers/user.controller.go:30.16,32.3 1 0
github.com/Limitless-Hoops/limitless-hoops/controllers/user.controller.go:33.2,33.21 1 0
github.com/Limitless-Hoops/limitless-hoops/controllers/user.controller.go:37.44,39.16 2 0
github.com/Limitless-Hoops/limitless-hoops/controllers/user.controller.go:39.16,41.3 1 0
github.com/Limitless-Hoops/limitless-hoops/controllers/user.controller.go:42.2,43.16 2 0
github.com/Limitless-Hoops/limitless-hoops/controllers/user.controller.go:43.16,45.3 1 0
github.com/Limitless-Hoops/limitless-hoops/controllers/user.controller.go:46.2,46.27 1 0
github.com/Limitless-Hoops/limitless-hoops/controllers/user.controller.go:50.37,52.45 2 0
github.com/Limitless-Hoops/limitless-hoops/controllers/user.controller.go:52.45,54.3 1 0
github.com/Limitless-Hoops/limitless-hoops/controllers/user.controller.go:55.2,55.51 1 0
github.com/Limitless-Hoops/limitless-hoops/controllers/user.controller.go:55.51,57.3 1 0
github.com/Limitless-Hoops/limitless-hoops/controllers/user.controller.go:58.2,59.16 2 0
github.com/Limitless-Hoops/limitless-hoops/controllers/user.controller.go:59.16,61.3 1 0
github.com/Limitless-Hoops/limitless-hoops/controllers/user.controller.go:62.2,71.51 2 0
github.com/Limitless-Hoops/limitless-hoops/controllers/user.controller.go:71.51,73.3 1 0
github.com/Limitless-Hoops/limitless-hoops/controllers/user.controller.go:74.2,82.4 1 0
github.com/Limitless-Hoops/limitless-hoops/controllers/user.controller.go:86.37,88.16 2 0
github.com/Limitless-Hoops/limitless-hoops/controllers/user.controller.go:88.16,90.3 1 0
github.com/Limitless-Hoops/limitless-hoops/controllers/user.controller.go:91.2,92.45 2 0
github.com/Limitless-Hoops/limitless-hoops/controllers/user.controller.go:92.45,94.3 1 0
github.com/Limitless-Hoops/limitless-hoops/controllers/user.controller.go:95.2,95.51 1 0
github.com/Limitless-Hoops/limitless-hoops/controllers/user.controller.go:95.51,97.3 1 0
github.com/Limitless-Hoops/limitless-hoops/controllers/user.controller.go:99.2,100.28 2 0
github.com/Limitless-Hoops/limitless-hoops/controllers/user.controller.go:100.28,102.3 1 0
github.com/Limitless-Hoops/limitless-hoops/controllers/user.controller.go:103.2,103.27 1 0
github.com/Limitless-Hoops/limitless-hoops/controllers/user.controller.go:103.27,105.3 1 0
github.com/Limitless-Hoops/limitless-hoops/controllers/user.controller.go:106.2,106.24 1 0
github.com/Limitless-Hoops/limitless-hoops/controllers/user.controller.go:106.24,108.3 1 0
github.com/Limitless-Hoops/limitless-hoops/controllers/user.controller.go:109.2,109.30 1 0
github.com/Limitless-Hoops/limitless-hoops/controllers/user.controller.go:109.30,111.3 1 0
github.com/Limitless-Hoops/limitless-hoops/controllers/user.controller.go:112.2,112.64 1 0
github.com/Limitless-Hoops/limitless-hoops/controllers/user.controller.go:112.64,114.3 1 0
github.com/Limitless-Hoops/limitless-hoops/controllers/user.controller.go:115.2,115.30 1 0
github.com/Limitless-Hoops/limitless-hoops/controllers/user.controller.go:115.30,117.3 1 0
github.com/Limitless-Hoops/limitless-hoops/controllers/user.controller.go:119.2,119.63 1 0
github.com/Limitless-Hoops/limitless-hoops/controllers/user.controller.go:119.63,121.3 1 0
github.com/Limitless-Hoops/limitless-hoops/controllers/user.controller.go:122.2,122.44 1 0
github.com/Limitless-Hoops/limitless-hoops/routes/admin.routes.go:8.39,16.2 5 0
github.com/Limitless-Hoops/limitless-hoops/routes/auth.routes.go:9.38,15.2 4 0
github.com/Limitless-Hoops/limitless-hoops/routes/dependent.routes.go:8.43,15.2 5 0
github.com/Limitless-Hoops/limitless-hoops/routes/health.go:5.34,6.49 1 0
github.com/Limitless-Hoops/limitless-hoops/routes/health.go:6.49,11.3 1 0
github.com/Limitless-Hoops/limitless-hoops/routes/setup.go:7.28,16.2 7 0
github.com/Limitless-Hoops/limitless-hoops/routes/user.routes.go:8.38,16.2 6 0
github.com/Limitless-Hoops/limitless-hoops/services/admin.service.go:11.72,13.70 2 0
github.com/Limitless-Hoops/limitless-hoops/services/admin.service.go:13.70,15.3 1 0
github.com/Limitless-Hoops/limitless-hoops/services/admin.service.go:16.2,16.16 1 0
github.com/Limitless-Hoops/limitless-hoops/services/admin.service.go:16.16,18.3 1 0
github.com/Limitless-Hoops/limitless-hoops/services/admin.service.go:20.2,21.27 2 0
github.com/Limitless-Hoops/limitless-hoops/services/admin.service.go:21.27,31.3 1 0
github.com/Limitless-Hoops/limitless-hoops/services/admin.service.go:32.2,32.20 1 0
github.com/Limitless-Hoops/limitless-hoops/services/admin.service.go:36.61,38.65 2 0
github.com/Limitless-Hoops/limitless-hoops/services/admin.service.go:38.65,40.3 1 0
github.com/Limitless-Hoops/limitless-hoops/services/admin.service.go:41.2,48.8 1 0
github.com/Limitless-Hoops/limitless-hoops/services/admin.service.go:52.45,54.2 1 0
github.com/Limitless-Hoops/limitless-hoops/services/admin.service.go:57.70,59.26 2 0
github.com/Limitless-Hoops/limitless-hoops/services/admin.service.go:59.26,61.3 1 0
github.com/Limitless-Hoops/limitless-hoops/services/admin.service.go:62.2,62.17 1 0
github.com/Limitless-Hoops/limitless-hoops/services/admin.service.go:66.60,68.82 2 0
github.com/Limitless-Hoops/limitless-hoops/services/admin.service.go:68.82,70.3 1 0
github.com/Limitless-Hoops/limitless-hoops/services/admin.service.go:71.2,71.20 1 0
github.com/Limitless-Hoops/limitless-hoops/services/admin.service.go:75.52,77.60 2 0
github.com/Limitless-Hoops/limitless-hoops/services/admin.service.go:77.60,79.3 1 0
github.com/Limitless-Hoops/limitless-hoops/services/admin.service.go:80.2,80.20 1 0
github.com/Limitless-Hoops/limitless-hoops/services/admin.service.go:84.61,86.60 2 0
github.com/Limitless-Hoops/limitless-hoops/services/admin.service.go:86.60,88.3 1 0
github.com/Limitless-Hoops/limitless-hoops/services/admin.service.go:90.2,97.8 1 0
github.com/Limitless-Hoops/limitless-hoops/services/auth.service.go:14.46,20.18 4 0
github.com/Limitless-Hoops/limitless-hoops/services/auth.service.go:21.38,23.17 2 0
github.com/Limitless-Hoops/limitless-hoops/services/auth.service.go:23.17,26.4 2 0
github.com/Limitless-Hoops/limitless-hoops/services/auth.service.go:27.3,28.16 2 0
github.com/Limitless-Hoops/limitless-hoops/services/auth.service.go:30.14,32.17 2 0
github.com/Limitless-Hoops/limitless-hoops/services/auth.service.go:32.17,35.4 2 0
github.com/Limitless-Hoops/limitless-hoops/services/auth.service.go:36.3,37.15 2 0
github.com/Limitless-Hoops/limitless-hoops/services/auth.service.go:39.19,41.17 2 0
github.com/Limitless-Hoops/limitless-hoops/services/auth.service.go:41.17,44.4 2 0
github.com/Limitless-Hoops/limitless-hoops/services/auth.service.go:45.3,46.14 2 0
github.com/Limitless-Hoops/limitless-hoops/services/auth.service.go:48.10,50.40 2 0
github.com/Limitless-Hoops/limitless-hoops/services/auth.service.go:53.2,53.78 1 0
github.com/Limitless-Hoops/limitless-hoops/services/auth.service.go:53.78,56.3 2 0
github.com/Limitless-Hoops/limitless-hoops/services/auth.service.go:58.2,58.44 1 0
github.com/Limitless-Hoops/limitless-hoops/services/auth.service.go:62.66,63.14 1 0
github.com/Limitless-Hoops/limitless-hoops/services/auth.service.go:64.15,65.31 1 0
github.com/Limitless-Hoops/limitless-hoops/services/auth.service.go:66.14,67.30 1 0
github.com/Limitless-Hoops/limitless-hoops/services/auth.service.go:68.19,69.35 1 0
github.com/Limitless-Hoops/limitless-hoops/services/auth.service.go:70.10,71.41 1 0
github.com/Limitless-Hoops/limitless-hoops/services/auth.service.go:76.81,80.14 3 0
github.com/Limitless-Hoops/limitless-hoops/services/auth.service.go:81.15,83.17 2 0
github.com/Limitless-Hoops/limitless-hoops/services/auth.service.go:83.17,85.4 1 0
github.com/Limitless-Hoops/limitless-hoops/services/auth.service.go:86.3,87.33 2 0
github.com/Limitless-Hoops/limitless-hoops/services/auth.service.go:88.14,90.17 2 0
github.com/Limitless-Hoops/limitless-hoops/services/auth.service.go:90.17,92.4 1 0
github.com/Limitless-Hoops/limitless-hoops/services/auth.service.go:93.3,94.32 2 0
github.com/Limitless-Hoops/limitless-hoops/services/auth.service.go:95.19,97.17 2 0
github.com/Limitless-Hoops/limitless-hoops/services/auth.service.go:97.17,99.4 1 0
github.com/Limitless-Hoops/limitless-hoops/services/auth.service.go:100.3,101.37 2 0
github.com/Limitless-Hoops/limitless-hoops/services/auth.service.go:102.10,103.36 1 0
github.com/Limitless-Hoops/limitless-hoops/services/auth.service.go:106.2,106.74 1 0
github.com/Limitless-Hoops/limitless-hoops/services/auth.service.go:106.74,108.3 1 0
github.com/Limitless-Hoops/limitless-hoops/services/auth.service.go:110.2,111.16 2 0
github.com/Limitless-Hoops/limitless-hoops/services/auth.service.go:111.16,113.3 1 0
github.com/Limitless-Hoops/limitless-hoops/services/auth.service.go:115.2,115.29 1 0
github.com/Limitless-Hoops/limitless-hoops/services/auth.service.go:119.54,121.2 1 0
github.com/Limitless-Hoops/limitless-hoops/services/auth.service.go:123.58,125.2 1 0
github.com/Limitless-Hoops/limitless-hoops/services/auth.service.go:128.67,130.2 1 0
github.com/Limitless-Hoops/limitless-hoops/services/dependent.service.go:11.79,14.55 2 0
github.com/Limitless-Hoops/limitless-hoops/services/dependent.service.go:14.55,16.4 1 0
github.com/Limitless-Hoops/limitless-hoops/services/dependent.service.go:18.2,18.16 1 0
github.com/Limitless-Hoops/limitless-hoops/services/dependent.service.go:18.16,20.3 1 0
github.com/Limitless-Hoops/limitless-hoops/services/dependent.service.go:22.2,23.31 2 0
github.com/Limitless-Hoops/limitless-hoops/services/dependent.service.go:23.31,33.3 1 0
github.com/Limitless-Hoops/limitless-hoops/services/dependent.service.go:35.2,35.20 1 0
github.com/Limitless-Hoops/limitless-hoops/services/dependent.service.go:39.73,41.67 2 0
github.com/Limitless-Hoops/limitless-hoops/services/dependent.service.go:41.67,43.3 1 0
github.com/Limitless-Hoops/limitless-hoops/services/dependent.service.go:45.2,51.8 1 0
github.com/Limitless-Hoops/limitless-hoops/services/dependent.service.go:55.51,57.2 1 0
github.com/Limitless-Hoops/limitless-hoops/services/dependent.service.go:60.78,64.2 1 0
github.com/Limitless-Hoops/limitless-hoops/services/dependent.service.go:67.68,69.80 2 0
github.com/Limitless-Hoops/limitless-hoops/services/dependent.service.go:69.80,71.3 1 0
github.com/Limitless-Hoops/limitless-hoops/services/dependent.service.go:72.2,72.18 1 0
github.com/Limitless-Hoops/limitless-hoops/services/dependent.service.go:76.60,78.58 2 0
github.com/Limitless-Hoops/limitless-hoops/services/dependent.service.go:78.58,80.3 1 0
github.com/Limitless-Hoops/limitless-hoops/services/dependent.service.go:81.2,81.18 1 0
github.com/Limitless-Hoops/limitless-hoops/services/dependent.service.go:85.69,87.64 2 0
github.com/Limitless-Hoops/limitless-hoops/services/dependent.service.go:87.64,89.3 1 0
github.com/Limitless-Hoops/limitless-hoops/services/dependent.service.go:91.2,97.8 1 0
github.com/Limitless-Hoops/limitless-hoops/services/user.service.go:11.70,14.55 2 0
github.com/Limitless-Hoops/limitless-hoops/services/user.service.go:14.55,16.4 1 0
github.com/Limitless-Hoops/limitless-hoops/services/user.service.go:18.2,18.16 1 0
github.com/Limitless-Hoops/limitless-hoops/services/user.service.go:18.16,20.3 1 0
github.com/Limitless-Hoops/limitless-hoops/services/user.service.go:22.2,23.26 2 0
github.com/Limitless-Hoops/limitless-hoops/services/user.service.go:23.26,33.3 1 0
github.com/Limitless-Hoops/limitless-hoops/services/user.service.go:34.2,34.20 1 0
github.com/Limitless-Hoops/limitless-hoops/services/user.service.go:38.91,43.16 3 0
github.com/Limitless-Hoops/limitless-hoops/services/user.service.go:43.16,45.3 1 0
github.com/Limitless-Hoops/limitless-hoops/services/user.service.go:47.2,48.42 2 0
github.com/Limitless-Hoops/limitless-hoops/services/user.service.go:48.42,51.42 3 0
github.com/Limitless-Hoops/limitless-hoops/services/user.service.go:51.42,60.4 1 0
github.com/Limitless-Hoops/limitless-hoops/services/user.service.go:61.3,70.5 1 0
github.com/Limitless-Hoops/limitless-hoops/services/user.service.go:73.2,82.8 1 0
github.com/Limitless-Hoops/limitless-hoops/services/user.service.go:86.68,92.16 3 0
github.com/Limitless-Hoops/limitless-hoops/services/user.service.go:92.16,94.3 1 0
github.com/Limitless-Hoops/limitless-hoops/services/user.service.go:96.2,97.29 2 0
github.com/Limitless-Hoops/limitless-hoops/services/user.service.go:97.29,100.42 3 0
github.com/Limitless-Hoops/limitless-hoops/services/user.service.go:100.42,109.4 1 0
github.com/Limitless-Hoops/limitless-hoops/services/user.service.go:110.3,119.5 1 0
github.com/Limitless-Hoops/limitless-hoops/services/user.service.go:122.2,122.24 1 0
github.com/Limitless-Hoops/limitless-hoops/services/user.service.go:126.42,128.2 1 0
github.com/Limitless-Hoops/limitless-hoops/services/user.service.go:131.68,136.2 1 0
github.com/Limitless-Hoops/limitless-hoops/services/user.service.go:139.58,141.81 2 0
github.com/Limitless-Hoops/limitless-hoops/services/user.service.go:141.81,143.3 1 0
github.com/Limitless-Hoops/limitless-hoops/services/user.service.go:144.2,144.19 1 0
github.com/Limitless-Hoops/limitless-hoops/services/user.service.go:148.54,150.63 2 0
github.com/Limitless-Hoops/limitless-hoops/services/user.service.go:150.63,152.3 1 0
github.com/Limitless-Hoops/limitless-hoops/services/user.service.go:153.2,153.19 1 0
github.com/Limitless-Hoops/limitless-hoops/services/user.service.go:157.67,160.55 2 0
github.com/Limitless-Hoops/limitless-hoops/services/user.service.go:160.55,162.4 1 0
github.com/Limitless-Hoops/limitless-hoops/services/user.service.go:164.2,164.16 1 0
github.com/Limitless-Hoops/limitless-hoops/services/user.service.go:164.16,166.3 1 0
github.com/Limitless-Hoops/limitless-hoops/services/user.service.go:168.2,178.27 2 0
github.com/Limitless-Hoops/limitless-hoops/server/server.go:14.28,15.12 1 0
github.com/Limitless-Hoops/limitless-hoops/server/server.go:15.12,16.72 1 0
github.com/Limitless-Hoops/limitless-hoops/server/server.go:16.72,18.4 1 0
github.com/Limitless-Hoops/limitless-hoops/server/server.go:20.2,30.39 7 0
github.com/Limitless-Hoops/limitless-hoops/server/server.go:30.39,32.3 1 0
github.com/Limitless-Hoops/limitless-hoops/server/server.go:34.2,34.42 1 0
github.com/Limitless-Hoops/limitless-hoops/database/admin.seed.go:13.24,28.27 2 0
github.com/Limitless-Hoops/limitless-hoops/database/admin.seed.go:28.27,30.114 2 0
github.com/Limitless-Hoops/limitless-hoops/database/admin.seed.go:30.114,32.12 2 0
github.com/Limitless-Hoops/limitless-hoops/database/admin.seed.go:33.9,33.53 1 0
github.com/Limitless-Hoops/limitless-hoops/database/admin.seed.go:33.53,35.4 1 0
github.com/Limitless-Hoops/limitless-hoops/database/admin.seed.go:37.3,38.17 2 0
github.com/Limitless-Hoops/limitless-hoops/database/admin.seed.go:38.17,40.4 1 0
github.com/Limitless-Hoops/limitless-hoops/database/admin.seed.go:42.3,52.49 2 0
github.com/Limitless-Hoops/limitless-hoops/database/admin.seed.go:52.49,54.4 1 0
github.com/Limitless-Hoops/limitless-hoops/database/admin.seed.go:56.3,56.61 1 0
github.com/Limitless-Hoops/limitless-hoops/database/admin.seed.go:59.2,59.12 1 0
github.com/Limitless-Hoops/limitless-hoops/database/connect.go:15.16,28.16 3 0
github.com/Limitless-Hoops/limitless-hoops/database/connect.go:28.16,30.3 1 0
github.com/Limitless-Hoops/limitless-hoops/database/connect.go:32.2,33.16 2 0
github.com/Limitless-Hoops/limitless-hoops/database/connect.go:33.16,35.3 1 0
github.com/Limitless-Hoops/limitless-hoops/database/connect.go:37.2,41.9 4 0
github.com/Limitless-Hoops/limitless-hoops/database/connect.go:44.14,45.15 1 0
github.com/Limitless-Hoops/limitless-hoops/database/connect.go:45.15,47.3 1 0
github.com/Limitless-Hoops/limitless-hoops/database/connect.go:48.2,49.16 2 0
github.com/Limitless-Hoops/limitless-hoops/database/connect.go:49.16,52.3 2 0
github.com/Limitless-Hoops/limitless-hoops/database/connect.go:53.2,53.38 1 0
github.com/Limitless-Hoops/limitless-hoops/database/connect.go:53.38,55.3 1 0
github.com/Limitless-Hoops/limitless-hoops/database/connect.go:55.8,57.3 1 0
github.com/Limitless-Hoops/limitless-hoops/database/dependent.seed.go:13.28,16.88 2 0
github.com/Limitless-Hoops/limitless-hoops/database/dependent.seed.go:16.88,18.3 1 0
github.com/Limitless-Hoops/limitless-hoops/database/dependent.seed.go:19.2,19.86 1 0
github.com/Limitless-Hoops/limitless-hoops/database/dependent.seed.go:19.86,21.3 1 0
github.com/Limitless-Hoops/limitless-hoops/database/dependent.seed.go:22.2,22.84 1 0
github.com/Limitless-Hoops/limitless-hoops/database/dependent.seed.go:22.84,24.3 1 0
github.com/Limitless-Hoops/limitless-hoops/database/dependent.seed.go:27.2,28.95 2 0
github.com/Limitless-Hoops/limitless-hoops/database/dependent.seed.go:28.95,30.3 1 0
github.com/Limitless-Hoops/limitless-hoops/database/dependent.seed.go:31.2,31.90 1 0
github.com/Limitless-Hoops/limitless-hoops/database/dependent.seed.go:31.90,33.3 1 0
github.com/Limitless-Hoops/limitless-hoops/database/dependent.seed.go:36.2,52.31 2 0
github.com/Limitless-Hoops/limitless-hoops/database/dependent.seed.go:52.31,54.108 2 0
github.com/Limitless-Hoops/limitless-hoops/database/dependent.seed.go:54.108,56.12 2 0
github.com/Limitless-Hoops/limitless-hoops/database/dependent.seed.go:57.9,57.53 1 0
github.com/Limitless-Hoops/limitless-hoops/database/dependent.seed.go:57.53,59.4 1 0
github.com/Limitless-Hoops/limitless-hoops/database/dependent.seed.go:61.3,62.17 2 0
github.com/Limitless-Hoops/limitless-hoops/database/dependent.seed.go:62.17,64.4 1 0
github.com/Limitless-Hoops/limitless-hoops/database/dependent.seed.go:66.3,77.53 2 0
github.com/Limitless-Hoops/limitless-hoops/database/dependent.seed.go:77.53,79.4 1 0
github.com/Limitless-Hoops/limitless-hoops/database/dependent.seed.go:81.3,81.40 1 0
github.com/Limitless-Hoops/limitless-hoops/database/dependent.seed.go:81.40,89.49 2 0
github.com/Limitless-Hoops/limitless-hoops/database/dependent.seed.go:89.49,91.5 1 0
github.com/Limitless-Hoops/limitless-hoops/database/dependent.seed.go:94.3,94.82 1 0
github.com/Limitless-Hoops/limitless-hoops/database/dependent.seed.go:97.2,97.12 1 0
github.com/Limitless-Hoops/limitless-hoops/database/emergencyContact.seed.go:10.35,12.51 2 0
github.com/Limitless-Hoops/limitless-hoops/database/emergencyContact.seed.go:12.51,14.3 1 0
github.com/Limitless-Hoops/limitless-hoops/database/emergencyContact.seed.go:16.2,39.33 3 0
github.com/Limitless-Hoops/limitless-hoops/database/emergencyContact.seed.go:39.33,41.10 2 0
github.com/Limitless-Hoops/limitless-hoops/database/emergencyContact.seed.go:41.10,43.12 2 0
github.com/Limitless-Hoops/limitless-hoops/database/emergencyContact.seed.go:46.3,46.30 1 0
github.com/Limitless-Hoops/limitless-hoops/database/emergencyContact.seed.go:46.30,55.52 2 0
github.com/Limitless-Hoops/limitless-hoops/database/emergencyContact.seed.go:55.52,57.5 1 0
github.com/Limitless-Hoops/limitless-hoops/database/emergencyContact.seed.go:59.4,59.91 1 0
github.com/Limitless-Hoops/limitless-hoops/database/emergencyContact.seed.go:59.91,61.5 1 0
github.com/Limitless-Hoops/limitless-hoops/database/emergencyContact.seed.go:64.3,64.106 1 0
github.com/Limitless-Hoops/limitless-hoops/database/emergencyContact.seed.go:67.2,67.12 1 0
github.com/Limitless-Hoops/limitless-hoops/database/migrate.go:8.16,19.59 3 0
github.com/Limitless-Hoops/limitless-hoops/database/migrate.go:19.59,21.3 1 0
github.com/Limitless-Hoops/limitless-hoops/database/migrate.go:23.2,23.59 1 0
github.com/Limitless-Hoops/limitless-hoops/database/populate.go:3.19,6.2 2 0
github.com/Limitless-Hoops/limitless-hoops/database/seed.go:5.13,8.36 2 0
github.com/Limitless-Hoops/limitless-hoops/database/seed.go:8.36,10.3 1 0
github.com/Limitless-Hoops/limitless-hoops/database/seed.go:11.2,11.35 1 0
github.com/Limitless-Hoops/limitless-hoops/database/seed.go:11.35,13.3 1 0
github.com/Limitless-Hoops/limitless-hoops/database/seed.go:14.2,14.40 1 0
github.com/Limitless-Hoops/limitless-hoops/database/seed.go:14.40,16.3 1 0
github.com/Limitless-Hoops/limitless-hoops/database/seed.go:17.2,17.47 1 0
github.com/Limitless-Hoops/limitless-hoops/database/seed.go:17.47,19.3 1 0
github.com/Limitless-Hoops/limitless-hoops/database/user.seed.go:13.23,29.26 2 0
github.com/Limitless-Hoops/limitless-hoops/database/user.seed.go:29.26,31.114 2 0
github.com/Limitless-Hoops/limitless-hoops/database/user.seed.go:31.114,33.12 2 0
github.com/Limitless-Hoops/limitless-hoops/database/user.seed.go:34.9,34.53 1 0
github.com/Limitless-Hoops/limitless-hoops/database/user.seed.go:34.53,36.4 1 0
github.com/Limitless-Hoops/limitless-hoops/database/user.seed.go:38.3,39.17 2 0
github.com/Limitless-Hoops/limitless-hoops/database/user.seed.go:39.17,41.4 1 0
github.com/Limitless-Hoops/limitless-hoops/database/user.seed.go:42.3,54.48 3 0
github.com/Limitless-Hoops/limitless-hoops/database/user.seed.go:54.48,56.4 1 0
github.com/Limitless-Hoops/limitless-hoops/database/user.seed.go:58.3,58.47 1 0
github.com/Limitless-Hoops/limitless-hoops/database/user.seed.go:61.2,61.12 1 0
github.com/Limitless-Hoops/limitless-hoops/middleware/jwt.middleware.go:11.35,12.34 1 0
github.com/Limitless-Hoops/limitless-hoops/middleware/jwt.middleware.go:12.34,14.21 2 0
github.com/Limitless-Hoops/limitless-hoops/middleware/jwt.middleware.go:14.21,16.4 1 0
github.com/Limitless-Hoops/limitless-hoops/middleware/jwt.middleware.go:19.3,19.53 1 0
github.com/Limitless-Hoops/limitless-hoops/middleware/jwt.middleware.go:19.53,21.4 1 0
github.com/Limitless-Hoops/limitless-hoops/middleware/jwt.middleware.go:23.3,25.99 3 0
github.com/Limitless-Hoops/limitless-hoops/middleware/jwt.middleware.go:25.99,27.4 1 0
github.com/Limitless-Hoops/limitless-hoops/middleware/jwt.middleware.go:28.3,28.33 1 0
github.com/Limitless-Hoops/limitless-hoops/middleware/jwt.middleware.go:28.33,30.4 1 0
github.com/Limitless-Hoops/limitless-hoops/middleware/jwt.middleware.go:32.3,34.18 3 0
github.com/Limitless-Hoops/limitless-hoops/middleware/middleware.go:9.28,16.2 1 0
github.com/Limitless-Hoops/limitless-hoops/utilities/auth.go:8.52,9.20 1 0
github.com/Limitless-Hoops/limitless-hoops/utilities/auth.go:9.20,11.3 1 0
github.com/Limitless-Hoops/limitless-hoops/utilities/auth.go:12.2,13.27 2 0
github.com/Limitless-Hoops/limitless-hoops/utilities/auth.go:16.59,18.2 1 0
github.com/Limitless-Hoops/limitless-hoops/utilities/jwt.go:15.60,26.2 4 0
github.com/Limitless-Hoops/limitless-hoops/tests/testutil/app.go:9.30,14.2 4 0
github.com/Limitless-Hoops/limitless-hoops/tests/testutil/db.go:20.31,21.19 1 1
github.com/Limitless-Hoops/limitless-hoops/tests/testutil/db.go:21.19,23.3 1 0
github.com/Limitless-Hoops/limitless-hoops/tests/testutil/db.go:25.2,43.16 5 1
github.com/Limitless-Hoops/limitless-hoops/tests/testutil/db.go:43.16,45.3 1 0
github.com/Limitless-Hoops/limitless-hoops/tests/testutil/db.go:47.2,52.16 5 1
github.com/Limitless-Hoops/limitless-hoops/tests/testutil/db.go:52.16,54.3 1 0
github.com/Limitless-Hoops/limitless-hoops/tests/testutil/db.go:56.2,56.50 1 1
github.com/Limitless-Hoops/limitless-hoops/tests/testutil/db.go:56.50,58.3 1 0
github.com/Limitless-Hoops/limitless-hoops/tests/testutil/db.go:60.2,60.15 1 1
github.com/Limitless-Hoops/limitless-hoops/tests/testutil/db.go:63.43,71.2 1 1
github.com/Limitless-Hoops/limitless-hoops/tests/testutil/db.go:73.37,85.2 2 0
github.com/Limitless-Hoops/limitless-hoops/tests/testutil/db.go:88.23,89.24 1 0
github.com/Limitless-Hoops/limitless-hoops/tests/testutil/db.go:89.24,91.3 1 0
github.com/Limitless-Hoops/limitless-hoops/tests/testutil/helpers.go:5.31,7.2 1 0
github.com/Limitless-Hoops/limitless-hoops/tests/testutil/helpers.go:9.38,11.2 1 0
